<?xml version="1.0" encoding="UTF-8"?>
<!-- Generated by org.testng.reporters.JUnitXMLReporter -->
<testsuite hostname="Nirakar-PC" name="Command line test" tests="4" failures="0" timestamp="2 Feb 2018 16:37:38 GMT" time="0.043" errors="0">
  <testcase name="@BeforeClass OpenBrowser" time="0.0" classname="com.nirakar.script.DataDrivenLoginTest">
    <failure type="org.testng.TestNGException" message="
Parameter &amp;apos;browserValue&amp;apos; is required by @Configuration on method OpenBrowser but has not been marked @Optional or defined
">
      <![CDATA[org.testng.TestNGException: 
Parameter 'browserValue' is required by @Configuration on method OpenBrowser but has not been marked @Optional or defined

	at org.apache.maven.surefire.testng.TestNGExecutor.run(TestNGExecutor.java:77)
	at org.apache.maven.surefire.testng.TestNGDirectoryTestSuite.executeMulti(TestNGDirectoryTestSuite.java:159)
	at org.apache.maven.surefire.testng.TestNGDirectoryTestSuite.execute(TestNGDirectoryTestSuite.java:99)
	at org.apache.maven.surefire.testng.TestNGProvider.invoke(TestNGProvider.java:106)
	at org.apache.maven.surefire.util.ReflectionUtils.invokeMethodWithArray(ReflectionUtils.java:189)
	at org.apache.maven.surefire.booter.ProviderFactory$ProviderProxy.invoke(ProviderFactory.java:165)
	at org.apache.maven.surefire.booter.ProviderFactory.invokeProvider(ProviderFactory.java:85)
	at org.apache.maven.surefire.booter.ForkedBooter.runSuitesInProcess(ForkedBooter.java:115)
	at org.apache.maven.surefire.booter.ForkedBooter.main(ForkedBooter.java:75)
... Removed 22 stack frames]]>
    </failure>
  </testcase> <!-- @BeforeClass OpenBrowser -->
  <testcase name="@AfterClass closeApplication" time="0.0" classname="com.nirakar.script.DataDrivenLoginTest">
    <skipped/>
  </testcase> <!-- @AfterClass closeApplication -->
  <testcase name="@BeforeClass OpenBrowser" time="0.0" classname="com.nirakar.script.LoginPageTest">
    <skipped/>
  </testcase> <!-- @BeforeClass OpenBrowser -->
  <testcase name="@AfterClass closeApplication" time="0.0" classname="com.nirakar.script.LoginPageTest">
    <skipped/>
  </testcase> <!-- @AfterClass closeApplication -->
  <testcase name="dataDrivenloginTest" time="0.01" classname="com.nirakar.script.DataDrivenLoginTest">
    <skipped/>
  </testcase> <!-- dataDrivenloginTest -->
  <testcase name="MoveToLoginPage" time="0.001" classname="com.nirakar.script.LoginPageTest">
    <skipped/>
  </testcase> <!-- MoveToLoginPage -->
  <testcase name="test_Home_Page_Appear_Correct" time="0.0" classname="com.nirakar.script.LoginPageTest">
    <skipped/>
  </testcase> <!-- test_Home_Page_Appear_Correct -->
  <testcase name="product_1_Details" time="0.0" classname="com.nirakar.script.LoginPageTest">
    <skipped/>
  </testcase> <!-- product_1_Details -->
</testsuite> <!-- Command line test -->
